<?xml version="1.0" encoding="UTF-8"?>
<!-- Generated by org.testng.reporters.JUnitReportReporter -->
<testsuite skipped="0" hostname="Lenovo" name="com.testNg.TestNgRunner" tests="7" failures="0" timestamp="2021-11-25T22:35:38 IST" time="29.106" errors="0">
  <testcase name="invokeUrl" time="7.566" classname="com.testNg.TestNgRunner"/>
  <system-out/>
  <testcase name="loginPage" time="8.273" classname="com.testNg.TestNgRunner"/>
  <system-out/>
  <testcase name="searchHotel" time="2.794" classname="com.testNg.TestNgRunner"/>
  <system-out/>
  <testcase name="confirmHotel" time="1.253" classname="com.testNg.TestNgRunner"/>
  <system-out/>
  <testcase name="bookHotel" time="7.475" classname="com.testNg.TestNgRunner"/>
  <system-out/>
  <testcase name="bookingConfirm" time="1.411" classname="com.testNg.TestNgRunner"/>
  <system-out/>
  <testcase name="loggermethod" time="0.334" classname="com.testNg.TestNgRunner"/>
  <system-out/>
</testsuite> <!-- com.testNg.TestNgRunner -->
